<?xml version="1.0" encoding="UTF-8"?>
<!-- Generated by org.testng.reporters.JUnitReportReporter -->
<testsuite skipped="0" hostname="LAPTOP-CND0JEEU" name="TestRunner" tests="3" failures="0" timestamp="2021-05-11T22:08:16 EDT" time="8.659" errors="0">
  <testcase name="runScenario" time="3.061" classname="TestRunner"/>
  <system-out/>
  <testcase name="runScenario" time="2.402" classname="TestRunner"/>
  <system-out/>
  <testcase name="runScenario" time="3.196" classname="TestRunner"/>
  <system-out/>
</testsuite> <!-- TestRunner -->
