<?xml version="1.0" encoding="UTF-8"?>
<!-- Generated by org.testng.reporters.JUnitReportReporter -->
<testsuite skipped="0" hostname="LAPTOP-CND0JEEU" name="TestRunner" tests="3" failures="0" timestamp="2021-05-12T13:29:53 EDT" time="11.607" errors="0">
  <testcase name="runScenario" time="3.123" classname="TestRunner"/>
  <system-out/>
  <testcase name="runScenario" time="3.979" classname="TestRunner"/>
  <system-out/>
  <testcase name="runScenario" time="4.505" classname="TestRunner"/>
  <system-out/>
</testsuite> <!-- TestRunner -->
