<?xml version="1.0" encoding="UTF-8"?>
<!-- Generated by org.testng.reporters.JUnitReportReporter -->
<testsuite skipped="0" hostname="LAPTOP-CND0JEEU" name="TestRunner" tests="2" failures="0" timestamp="2021-05-11T21:13:54 EDT" time="6.465" errors="0">
  <testcase name="runScenario" time="4.152" classname="TestRunner"/>
  <system-out/>
  <testcase name="runScenario" time="2.313" classname="TestRunner"/>
  <system-out/>
</testsuite> <!-- TestRunner -->
